\BOOKMARK [0][-]{chapter.1}{\376\377\000C\000l\000a\000s\000s\000\040\000I\000n\000d\000e\000x}{}% 1
\BOOKMARK [1][-]{section.1.1}{\376\377\000C\000l\000a\000s\000s\000\040\000L\000i\000s\000t}{chapter.1}% 2
\BOOKMARK [0][-]{chapter.2}{\376\377\000F\000i\000l\000e\000\040\000I\000n\000d\000e\000x}{}% 3
\BOOKMARK [1][-]{section.2.1}{\376\377\000F\000i\000l\000e\000\040\000L\000i\000s\000t}{chapter.2}% 4
\BOOKMARK [0][-]{chapter.3}{\376\377\000C\000l\000a\000s\000s\000\040\000D\000o\000c\000u\000m\000e\000n\000t\000a\000t\000i\000o\000n}{}% 5
\BOOKMARK [1][-]{section.3.1}{\376\377\000A\000r\000r\000a\000y\000<\000\040\000T\000,\000\040\000s\000i\000z\000e\000\040\000>\000\040\000C\000l\000a\000s\000s\000\040\000T\000e\000m\000p\000l\000a\000t\000e\000\040\000R\000e\000f\000e\000r\000e\000n\000c\000e}{chapter.3}% 6
\BOOKMARK [2][-]{subsection.3.1.1}{\376\377\000D\000e\000t\000a\000i\000l\000e\000d\000\040\000D\000e\000s\000c\000r\000i\000p\000t\000i\000o\000n}{section.3.1}% 7
\BOOKMARK [2][-]{subsection.3.1.2}{\376\377\000C\000o\000n\000s\000t\000r\000u\000c\000t\000o\000r\000\040\000\046\000\040\000D\000e\000s\000t\000r\000u\000c\000t\000o\000r\000\040\000D\000o\000c\000u\000m\000e\000n\000t\000a\000t\000i\000o\000n}{section.3.1}% 8
\BOOKMARK [3][-]{subsubsection.3.1.2.1}{\376\377\000A\000r\000r\000a\000y}{subsection.3.1.2}% 9
\BOOKMARK [3][-]{subsubsection.3.1.2.2}{\376\377\000A\000r\000r\000a\000y}{subsection.3.1.2}% 10
\BOOKMARK [2][-]{subsection.3.1.3}{\376\377\000M\000e\000m\000b\000e\000r\000\040\000F\000u\000n\000c\000t\000i\000o\000n\000\040\000D\000o\000c\000u\000m\000e\000n\000t\000a\000t\000i\000o\000n}{section.3.1}% 11
\BOOKMARK [3][-]{subsubsection.3.1.3.1}{\376\377\000o\000p\000e\000r\000a\000t\000o\000r\000[\000]}{subsection.3.1.3}% 12
\BOOKMARK [3][-]{subsubsection.3.1.3.2}{\376\377\000o\000p\000e\000r\000a\000t\000o\000r\000[\000]}{subsection.3.1.3}% 13
\BOOKMARK [1][-]{section.3.2}{\376\377\000G\000r\000i\000d\000f\000u\000n\000c\000t\000i\000o\000n\000\040\000C\000l\000a\000s\000s\000\040\000R\000e\000f\000e\000r\000e\000n\000c\000e}{chapter.3}% 14
\BOOKMARK [2][-]{subsection.3.2.1}{\376\377\000D\000e\000t\000a\000i\000l\000e\000d\000\040\000D\000e\000s\000c\000r\000i\000p\000t\000i\000o\000n}{section.3.2}% 15
\BOOKMARK [2][-]{subsection.3.2.2}{\376\377\000C\000o\000n\000s\000t\000r\000u\000c\000t\000o\000r\000\040\000\046\000\040\000D\000e\000s\000t\000r\000u\000c\000t\000o\000r\000\040\000D\000o\000c\000u\000m\000e\000n\000t\000a\000t\000i\000o\000n}{section.3.2}% 16
\BOOKMARK [3][-]{subsubsection.3.2.2.1}{\376\377\000G\000r\000i\000d\000f\000u\000n\000c\000t\000i\000o\000n}{subsection.3.2.2}% 17
\BOOKMARK [3][-]{subsubsection.3.2.2.2}{\376\377\000G\000r\000i\000d\000f\000u\000n\000c\000t\000i\000o\000n}{subsection.3.2.2}% 18
\BOOKMARK [3][-]{subsubsection.3.2.2.3}{\376\377\000G\000r\000i\000d\000f\000u\000n\000c\000t\000i\000o\000n}{subsection.3.2.2}% 19
\BOOKMARK [1][-]{section.3.3}{\376\377\000I\000O\000\040\000C\000l\000a\000s\000s\000\040\000R\000e\000f\000e\000r\000e\000n\000c\000e}{chapter.3}% 20
\BOOKMARK [2][-]{subsection.3.3.1}{\376\377\000D\000e\000t\000a\000i\000l\000e\000d\000\040\000D\000e\000s\000c\000r\000i\000p\000t\000i\000o\000n}{section.3.3}% 21
\BOOKMARK [2][-]{subsection.3.3.2}{\376\377\000C\000o\000n\000s\000t\000r\000u\000c\000t\000o\000r\000\040\000\046\000\040\000D\000e\000s\000t\000r\000u\000c\000t\000o\000r\000\040\000D\000o\000c\000u\000m\000e\000n\000t\000a\000t\000i\000o\000n}{section.3.3}% 22
\BOOKMARK [3][-]{subsubsection.3.3.2.1}{\376\377\000I\000O}{subsection.3.3.2}% 23
\BOOKMARK [3][-]{subsubsection.3.3.2.2}{\376\377\000I\000O}{subsection.3.3.2}% 24
\BOOKMARK [2][-]{subsection.3.3.3}{\376\377\000M\000e\000m\000b\000e\000r\000\040\000F\000u\000n\000c\000t\000i\000o\000n\000\040\000D\000o\000c\000u\000m\000e\000n\000t\000a\000t\000i\000o\000n}{section.3.3}% 25
\BOOKMARK [3][-]{subsubsection.3.3.3.1}{\376\377\000g\000e\000t\000S\000i\000m\000p\000a\000r\000a\000m}{subsection.3.3.3}% 26
\BOOKMARK [3][-]{subsubsection.3.3.3.2}{\376\377\000w\000r\000i\000t\000e\000V\000T\000K\000F\000i\000l\000e}{subsection.3.3.3}% 27
\BOOKMARK [1][-]{section.3.4}{\376\377\000S\000i\000m\000p\000a\000r\000a\000m\000\040\000S\000t\000r\000u\000c\000t\000\040\000R\000e\000f\000e\000r\000e\000n\000c\000e}{chapter.3}% 28
\BOOKMARK [2][-]{subsection.3.4.1}{\376\377\000D\000e\000t\000a\000i\000l\000e\000d\000\040\000D\000e\000s\000c\000r\000i\000p\000t\000i\000o\000n}{section.3.4}% 29
\BOOKMARK [2][-]{subsection.3.4.2}{\376\377\000M\000e\000m\000b\000e\000r\000\040\000D\000a\000t\000a\000\040\000D\000o\000c\000u\000m\000e\000n\000t\000a\000t\000i\000o\000n}{section.3.4}% 30
\BOOKMARK [3][-]{subsubsection.3.4.2.1}{\376\377\000a\000l\000p\000h\000a}{subsection.3.4.2}% 31
\BOOKMARK [3][-]{subsubsection.3.4.2.2}{\376\377\000d\000e\000l\000t\000a\000V\000e\000c}{subsection.3.4.2}% 32
\BOOKMARK [3][-]{subsubsection.3.4.2.3}{\376\377\000e\000p\000s}{subsection.3.4.2}% 33
\BOOKMARK [3][-]{subsubsection.3.4.2.4}{\376\377\000G\000X}{subsection.3.4.2}% 34
\BOOKMARK [3][-]{subsubsection.3.4.2.5}{\376\377\000G\000Y}{subsection.3.4.2}% 35
\BOOKMARK [3][-]{subsubsection.3.4.2.6}{\376\377\000i\000M\000a\000x}{subsection.3.4.2}% 36
\BOOKMARK [3][-]{subsubsection.3.4.2.7}{\376\377\000i\000t\000e\000r\000M\000a\000x}{subsection.3.4.2}% 37
\BOOKMARK [3][-]{subsubsection.3.4.2.8}{\376\377\000j\000M\000a\000x}{subsection.3.4.2}% 38
\BOOKMARK [3][-]{subsubsection.3.4.2.9}{\376\377\000o\000m\000g}{subsection.3.4.2}% 39
\BOOKMARK [3][-]{subsubsection.3.4.2.10}{\376\377\000P\000I}{subsection.3.4.2}% 40
\BOOKMARK [3][-]{subsubsection.3.4.2.11}{\376\377\000R\000E}{subsection.3.4.2}% 41
\BOOKMARK [3][-]{subsubsection.3.4.2.12}{\376\377\000t\000a\000u}{subsection.3.4.2}% 42
\BOOKMARK [3][-]{subsubsection.3.4.2.13}{\376\377\000t\000E\000n\000d}{subsection.3.4.2}% 43
\BOOKMARK [3][-]{subsubsection.3.4.2.14}{\376\377\000U\000I}{subsection.3.4.2}% 44
\BOOKMARK [3][-]{subsubsection.3.4.2.15}{\376\377\000U\000V}{subsection.3.4.2}% 45
\BOOKMARK [3][-]{subsubsection.3.4.2.16}{\376\377\000x\000L\000e\000n\000g\000t\000h}{subsection.3.4.2}% 46
\BOOKMARK [3][-]{subsubsection.3.4.2.17}{\376\377\000y\000L\000e\000n\000g\000t\000h}{subsection.3.4.2}% 47
\BOOKMARK [1][-]{section.3.5}{\376\377\000S\000o\000l\000v\000e\000r\000\040\000C\000l\000a\000s\000s\000\040\000R\000e\000f\000e\000r\000e\000n\000c\000e}{chapter.3}% 48
\BOOKMARK [2][-]{subsection.3.5.1}{\376\377\000D\000e\000t\000a\000i\000l\000e\000d\000\040\000D\000e\000s\000c\000r\000i\000p\000t\000i\000o\000n}{section.3.5}% 49
\BOOKMARK [2][-]{subsection.3.5.2}{\376\377\000C\000o\000n\000s\000t\000r\000u\000c\000t\000o\000r\000\040\000\046\000\040\000D\000e\000s\000t\000r\000u\000c\000t\000o\000r\000\040\000D\000o\000c\000u\000m\000e\000n\000t\000a\000t\000i\000o\000n}{section.3.5}% 50
\BOOKMARK [3][-]{subsubsection.3.5.2.1}{\376\377\000S\000o\000l\000v\000e\000r}{subsection.3.5.2}% 51
\BOOKMARK [3][-]{subsubsection.3.5.2.2}{\376\377\000S\000o\000l\000v\000e\000r}{subsection.3.5.2}% 52
\BOOKMARK [2][-]{subsection.3.5.3}{\376\377\000M\000e\000m\000b\000e\000r\000\040\000F\000u\000n\000c\000t\000i\000o\000n\000\040\000D\000o\000c\000u\000m\000e\000n\000t\000a\000t\000i\000o\000n}{section.3.5}% 53
\BOOKMARK [3][-]{subsubsection.3.5.3.1}{\376\377\000c\000o\000m\000p\000u\000t\000e\000R\000e\000s\000i\000d\000u\000a\000l}{subsection.3.5.3}% 54
\BOOKMARK [3][-]{subsubsection.3.5.3.2}{\376\377\000S\000O\000R\000C\000y\000c\000l\000e}{subsection.3.5.3}% 55
\BOOKMARK [1][-]{section.3.6}{\376\377\000S\000t\000e\000n\000c\000i\000l\000\040\000C\000l\000a\000s\000s\000\040\000R\000e\000f\000e\000r\000e\000n\000c\000e}{chapter.3}% 56
\BOOKMARK [2][-]{subsection.3.6.1}{\376\377\000D\000e\000t\000a\000i\000l\000e\000d\000\040\000D\000e\000s\000c\000r\000i\000p\000t\000i\000o\000n}{section.3.6}% 57
\BOOKMARK [2][-]{subsection.3.6.2}{\376\377\000C\000o\000n\000s\000t\000r\000u\000c\000t\000o\000r\000\040\000\046\000\040\000D\000e\000s\000t\000r\000u\000c\000t\000o\000r\000\040\000D\000o\000c\000u\000m\000e\000n\000t\000a\000t\000i\000o\000n}{section.3.6}% 58
\BOOKMARK [3][-]{subsubsection.3.6.2.1}{\376\377\000S\000t\000e\000n\000c\000i\000l}{subsection.3.6.2}% 59
\BOOKMARK [2][-]{subsection.3.6.3}{\376\377\000M\000e\000m\000b\000e\000r\000\040\000F\000u\000n\000c\000t\000i\000o\000n\000\040\000D\000o\000c\000u\000m\000e\000n\000t\000a\000t\000i\000o\000n}{section.3.6}% 60
\BOOKMARK [3][-]{subsubsection.3.6.3.1}{\376\377\000A\000p\000p\000l\000y\000S\000t\000e\000n\000c\000i\000l\000O\000p\000e\000r\000a\000t\000o\000r}{subsection.3.6.3}% 61
\BOOKMARK [3][-]{subsubsection.3.6.3.2}{\376\377\000s\000e\000t\000F\000x\000x\000S\000t\000e\000n\000c\000i\000l}{subsection.3.6.3}% 62
\BOOKMARK [2][-]{subsection.3.6.4}{\376\377\000M\000e\000m\000b\000e\000r\000\040\000D\000a\000t\000a\000\040\000D\000o\000c\000u\000m\000e\000n\000t\000a\000t\000i\000o\000n}{section.3.6}% 63
\BOOKMARK [3][-]{subsubsection.3.6.4.1}{\376\377\000h}{subsection.3.6.4}% 64
\BOOKMARK [3][-]{subsubsection.3.6.4.2}{\376\377\000s\000t\000e\000n\000c\000i\000l}{subsection.3.6.4}% 65
\BOOKMARK [3][-]{subsubsection.3.6.4.3}{\376\377\000s\000t\000e\000n\000c\000i\000l\000w\000i\000d\000t\000h}{subsection.3.6.4}% 66
\BOOKMARK [0][-]{chapter.4}{\376\377\000F\000i\000l\000e\000\040\000D\000o\000c\000u\000m\000e\000n\000t\000a\000t\000i\000o\000n}{}% 67
\BOOKMARK [1][-]{section.4.1}{\376\377\000D\000e\000b\000u\000g\000/\000G\000r\000i\000d\000/\000G\000r\000i\000d\000f\000u\000n\000c\000t\000i\000o\000n\000.\000d\000\040\000F\000i\000l\000e\000\040\000R\000e\000f\000e\000r\000e\000n\000c\000e}{chapter.4}% 68
\BOOKMARK [1][-]{section.4.2}{\376\377\000R\000e\000l\000e\000a\000s\000e\000/\000G\000r\000i\000d\000/\000G\000r\000i\000d\000f\000u\000n\000c\000t\000i\000o\000n\000.\000d\000\040\000F\000i\000l\000e\000\040\000R\000e\000f\000e\000r\000e\000n\000c\000e}{chapter.4}% 69
\BOOKMARK [1][-]{section.4.3}{\376\377\000D\000e\000b\000u\000g\000/\000I\000O\000/\000I\000O\000.\000d\000\040\000F\000i\000l\000e\000\040\000R\000e\000f\000e\000r\000e\000n\000c\000e}{chapter.4}% 70
\BOOKMARK [1][-]{section.4.4}{\376\377\000R\000e\000l\000e\000a\000s\000e\000/\000I\000O\000/\000I\000O\000.\000d\000\040\000F\000i\000l\000e\000\040\000R\000e\000f\000e\000r\000e\000n\000c\000e}{chapter.4}% 71
\BOOKMARK [1][-]{section.4.5}{\376\377\000D\000e\000b\000u\000g\000/\000m\000a\000i\000n\000.\000d\000\040\000F\000i\000l\000e\000\040\000R\000e\000f\000e\000r\000e\000n\000c\000e}{chapter.4}% 72
\BOOKMARK [1][-]{section.4.6}{\376\377\000R\000e\000l\000e\000a\000s\000e\000/\000m\000a\000i\000n\000.\000d\000\040\000F\000i\000l\000e\000\040\000R\000e\000f\000e\000r\000e\000n\000c\000e}{chapter.4}% 73
\BOOKMARK [1][-]{section.4.7}{\376\377\000D\000e\000b\000u\000g\000/\000S\000t\000e\000n\000c\000i\000l\000/\000s\000t\000e\000n\000c\000i\000l\000.\000d\000\040\000F\000i\000l\000e\000\040\000R\000e\000f\000e\000r\000e\000n\000c\000e}{chapter.4}% 74
\BOOKMARK [1][-]{section.4.8}{\376\377\000R\000e\000l\000e\000a\000s\000e\000/\000S\000t\000e\000n\000c\000i\000l\000/\000s\000t\000e\000n\000c\000i\000l\000.\000d\000\040\000F\000i\000l\000e\000\040\000R\000e\000f\000e\000r\000e\000n\000c\000e}{chapter.4}% 75
\BOOKMARK [1][-]{section.4.9}{\376\377\000G\000r\000i\000d\000/\000G\000r\000i\000d\000f\000u\000n\000c\000t\000i\000o\000n\000.\000c\000p\000p\000\040\000F\000i\000l\000e\000\040\000R\000e\000f\000e\000r\000e\000n\000c\000e}{chapter.4}% 76
\BOOKMARK [1][-]{section.4.10}{\376\377\000G\000r\000i\000d\000/\000G\000r\000i\000d\000f\000u\000n\000c\000t\000i\000o\000n\000.\000h\000\040\000F\000i\000l\000e\000\040\000R\000e\000f\000e\000r\000e\000n\000c\000e}{chapter.4}% 77
\BOOKMARK [1][-]{section.4.11}{\376\377\000I\000O\000/\000I\000O\000.\000c\000p\000p\000\040\000F\000i\000l\000e\000\040\000R\000e\000f\000e\000r\000e\000n\000c\000e}{chapter.4}% 78
\BOOKMARK [2][-]{subsection.4.11.1}{\376\377\000M\000a\000c\000r\000o\000\040\000D\000e\000f\000i\000n\000i\000t\000i\000o\000n\000\040\000D\000o\000c\000u\000m\000e\000n\000t\000a\000t\000i\000o\000n}{section.4.11}% 79
\BOOKMARK [3][-]{subsubsection.4.11.1.1}{\376\377\000E\000l\000e\000m\000e\000n\000t}{subsection.4.11.1}% 80
\BOOKMARK [1][-]{section.4.12}{\376\377\000I\000O\000/\000I\000O\000.\000h\000p\000p\000\040\000F\000i\000l\000e\000\040\000R\000e\000f\000e\000r\000e\000n\000c\000e}{chapter.4}% 81
\BOOKMARK [1][-]{section.4.13}{\376\377\000m\000a\000i\000n\000.\000c\000p\000p\000\040\000F\000i\000l\000e\000\040\000R\000e\000f\000e\000r\000e\000n\000c\000e}{chapter.4}% 82
\BOOKMARK [2][-]{subsection.4.13.1}{\376\377\000F\000u\000n\000c\000t\000i\000o\000n\000\040\000D\000o\000c\000u\000m\000e\000n\000t\000a\000t\000i\000o\000n}{section.4.13}% 83
\BOOKMARK [3][-]{subsubsection.4.13.1.1}{\376\377\000m\000a\000i\000n}{subsection.4.13.1}% 84
\BOOKMARK [1][-]{section.4.14}{\376\377\000M\000i\000s\000c\000/\000t\000e\000m\000p\000l\000a\000t\000e\000.\000h\000\040\000F\000i\000l\000e\000\040\000R\000e\000f\000e\000r\000e\000n\000c\000e}{chapter.4}% 85
\BOOKMARK [1][-]{section.4.15}{\376\377\000M\000i\000s\000c\000/\000t\000y\000p\000e\000d\000e\000f\000.\000h\000\040\000F\000i\000l\000e\000\040\000R\000e\000f\000e\000r\000e\000n\000c\000e}{chapter.4}% 86
\BOOKMARK [2][-]{subsection.4.15.1}{\376\377\000T\000y\000p\000e\000d\000e\000f\000\040\000D\000o\000c\000u\000m\000e\000n\000t\000a\000t\000i\000o\000n}{section.4.15}% 87
\BOOKMARK [3][-]{subsubsection.4.15.1.1}{\376\377\000G\000r\000i\000d\000F\000u\000n\000c\000t\000i\000o\000n\000T\000y\000p\000e}{subsection.4.15.1}% 88
\BOOKMARK [3][-]{subsubsection.4.15.1.2}{\376\377\000I\000n\000d\000e\000x\000T\000y\000p\000e}{subsection.4.15.1}% 89
\BOOKMARK [3][-]{subsubsection.4.15.1.3}{\376\377\000M\000u\000l\000t\000i\000I\000n\000d\000e\000x\000T\000y\000p\000e}{subsection.4.15.1}% 90
\BOOKMARK [3][-]{subsubsection.4.15.1.4}{\376\377\000P\000o\000i\000n\000t\000T\000y\000p\000e}{subsection.4.15.1}% 91
\BOOKMARK [3][-]{subsubsection.4.15.1.5}{\376\377\000R\000e\000a\000l\000T\000y\000p\000e}{subsection.4.15.1}% 92
\BOOKMARK [3][-]{subsubsection.4.15.1.6}{\376\377\000S\000t\000e\000n\000c\000i\000l\000T\000y\000p\000e}{subsection.4.15.1}% 93
\BOOKMARK [1][-]{section.4.16}{\376\377\000S\000o\000l\000v\000e\000r\000/\000s\000o\000l\000v\000e\000r\000.\000h\000\040\000F\000i\000l\000e\000\040\000R\000e\000f\000e\000r\000e\000n\000c\000e}{chapter.4}% 94
\BOOKMARK [1][-]{section.4.17}{\376\377\000S\000t\000e\000n\000c\000i\000l\000/\000s\000t\000e\000n\000c\000i\000l\000.\000c\000p\000p\000\040\000F\000i\000l\000e\000\040\000R\000e\000f\000e\000r\000e\000n\000c\000e}{chapter.4}% 95
\BOOKMARK [2][-]{subsection.4.17.1}{\376\377\000F\000u\000n\000c\000t\000i\000o\000n\000\040\000D\000o\000c\000u\000m\000e\000n\000t\000a\000t\000i\000o\000n}{section.4.17}% 96
\BOOKMARK [3][-]{subsubsection.4.17.1.1}{\376\377\000A\000p\000p\000l\000y\000S\000t\000e\000n\000c\000i\000l\000O\000p\000e\000r\000a\000t\000o\000r}{subsection.4.17.1}% 97
\BOOKMARK [1][-]{section.4.18}{\376\377\000S\000t\000e\000n\000c\000i\000l\000/\000s\000t\000e\000n\000c\000i\000l\000.\000h\000\040\000F\000i\000l\000e\000\040\000R\000e\000f\000e\000r\000e\000n\000c\000e}{chapter.4}% 98
\BOOKMARK [1][-]{section.4.19}{\376\377\000S\000t\000r\000u\000c\000t\000s\000/\000s\000i\000m\000p\000a\000r\000a\000m\000.\000h\000\040\000F\000i\000l\000e\000\040\000R\000e\000f\000e\000r\000e\000n\000c\000e}{chapter.4}% 99
